<?xml version="1.0" encoding="UTF-8"?>
<!-- Generated by org.testng.reporters.JUnitReportReporter -->
<testsuite hostname="Krishnas-MacBook-Air.local" failures="0" tests="1" name="org.rahulshettyacademy.IOSBasics" time="5.663" errors="0" timestamp="27 Sep 2024 06:23:51 GMT" skipped="0">
  <testcase classname="org.rahulshettyacademy.IOSBasics" name="IOSBasicsTest" time="5.663"/>
</testsuite> <!-- org.rahulshettyacademy.IOSBasics -->
