<?xml version="1.0" encoding="UTF-8"?>
<!-- Generated by org.testng.reporters.JUnitReportReporter -->
<testsuite hostname="Krishnas-MacBook-Air.local" failures="0" tests="2" name="org.rahulshettyacademy.eCommerce_tc_1" time="25.469" errors="0" timestamp="27 Sep 2024 06:23:51 GMT" skipped="0">
  <testcase classname="org.rahulshettyacademy.eCommerce_tc_1" name="FillForm_Positive" time="17.707"/>
  <testcase classname="org.rahulshettyacademy.eCommerce_tc_1" name="FillForm_ErrorValidation" time="7.762"/>
</testsuite> <!-- org.rahulshettyacademy.eCommerce_tc_1 -->
